<?xml version="1.0" encoding="UTF-8"?>
<!-- Generated by org.testng.reporters.JUnitXMLReporter -->
<testsuite hostname="LAPTOP-69PURTCF" ignored="0" name="Default test" tests="3" failures="0" timestamp="21 Feb 2018 22:43:59 GMT" time="20.949" errors="0">
  <testcase name="homepageTitleTest" time="0.018" classname="com.Guru99.qa.tests.HomePageTest"/>
  <testcase name="logoGuru99Test" time="0.035" classname="com.Guru99.qa.tests.HomePageTest"/>
  <testcase name="mobileLinkTest" time="0.636" classname="com.Guru99.qa.tests.HomePageTest"/>
</testsuite> <!-- Default test -->
