<?xml version="1.0" encoding="UTF-8"?>
<!-- Generated by org.testng.reporters.JUnitXMLReporter -->
<testsuite hostname="LAPTOP-69PURTCF" ignored="0" name="Guru99 eCommerce Test Cases" tests="4" failures="0" timestamp="23 Feb 2018 00:06:56 GMT" time="28.255" errors="0">
  <testcase name="verifyIphoneAddToCartTest" time="4.168" classname="com.Guru99.qa.tests.MobilePageTest"/>
  <testcase name="homepageTitleTest" time="0.008" classname="com.Guru99.qa.tests.HomePageTest"/>
  <testcase name="logoGuru99Test" time="0.035" classname="com.Guru99.qa.tests.HomePageTest"/>
  <testcase name="mobileLinkTest" time="0.455" classname="com.Guru99.qa.tests.HomePageTest"/>
</testsuite> <!-- Guru99 eCommerce Test Cases -->
